
> simple-express-server@1.0.0 dev
> nodemon src/index.ts

[33m[nodemon] 2.0.22[39m
[33m[nodemon] to restart at any time, enter `rs`[39m
[33m[nodemon] watching path(s): *.*[39m
[33m[nodemon] watching extensions: ts,json[39m
[32m[nodemon] starting `ts-node src/index.ts`[39m
[dotenv@17.2.2] injecting env (1) from .env -- tip: 🔐 prevent committing .env to code: https://dotenvx.com/precommit
info: Server is running at http://localhost:3000 {"timestamp":"2025-09-03 14:35:45"}
info: Request: POST /chat {"timestamp":"2025-09-03 14:36:07"}
info: Request Body: {"chat_input":"1+1="} {"timestamp":"2025-09-03 14:36:07"}
info: Response: <div><strong>You:</strong> 1+1=</div><div><strong>Bot:</strong> 2

(If you’re using binary, 1 + 1 = 10.)</div> {"timestamp":"2025-09-03 14:36:10"}
info: Request: POST /chat {"timestamp":"2025-09-03 14:36:10"}
info: Request Body: {"chat_input":""} {"timestamp":"2025-09-03 14:36:10"}
info: Response: <div><strong>You:</strong> </div><div><strong>Bot:</strong> It looks like your message didn’t come through. Could you please resend what you’d like help with?

If it helps, you can paste a question, a problem to solve, some text to summarize or translate, code, or describe a task you want me to assist with. Here are a few examples:
- Explain a concept or steps to solve a math problem
- Help debug code and explain errors
- Draft or edit a piece of writing
- Create a plan or brainstorm ideas
- Translate or summarize text

What would you like to do?</div> {"timestamp":"2025-09-03 14:36:13"}
